<?xml version="1.0" encoding="UTF-8"?>
<testng-results ignored="0" total="4" passed="4" failed="0" skipped="0">
  <reporter-output>
  </reporter-output>
  <suite started-at="2025-05-07T11:34:52 IST" name="Default suite" finished-at="2025-05-07T11:35:04 IST" duration-ms="11796">
    <groups>
    </groups>
    <test started-at="2025-05-07T11:34:52 IST" name="Default test" finished-at="2025-05-07T11:35:04 IST" duration-ms="11796">
      <class name="basics.LearnDDT">
        <test-method signature="login(java.lang.String,java.lang.String)[pri:0, instance:basics.LearnDDT@79d8407f]" started-at="2025-05-07T11:34:52 IST" name="login" data-provider="getData" finished-at="2025-05-07T11:34:55 IST" duration-ms="2981" status="PASS">
          <params>
            <param index="0">
              <value>
                <![CDATA[admin]]>
              </value>
            </param>
            <param index="1">
              <value>
                <![CDATA[manager]]>
              </value>
            </param>
          </params>
          <reporter-output>
          </reporter-output>
        </test-method> <!-- login -->
        <test-method signature="login(java.lang.String,java.lang.String)[pri:0, instance:basics.LearnDDT@79d8407f]" started-at="2025-05-07T11:34:55 IST" name="login" data-provider="getData" finished-at="2025-05-07T11:34:58 IST" duration-ms="2730" status="PASS">
          <params>
            <param index="0">
              <value>
                <![CDATA[admin1]]>
              </value>
            </param>
            <param index="1">
              <value>
                <![CDATA[manager1]]>
              </value>
            </param>
          </params>
          <reporter-output>
          </reporter-output>
        </test-method> <!-- login -->
        <test-method signature="login(java.lang.String,java.lang.String)[pri:0, instance:basics.LearnDDT@79d8407f]" started-at="2025-05-07T11:34:58 IST" name="login" data-provider="getData" finished-at="2025-05-07T11:35:01 IST" duration-ms="2985" status="PASS">
          <params>
            <param index="0">
              <value>
                <![CDATA[Dinga]]>
              </value>
            </param>
            <param index="1">
              <value>
                <![CDATA[Dingi]]>
              </value>
            </param>
          </params>
          <reporter-output>
          </reporter-output>
        </test-method> <!-- login -->
        <test-method signature="login(java.lang.String,java.lang.String)[pri:0, instance:basics.LearnDDT@79d8407f]" started-at="2025-05-07T11:35:01 IST" name="login" data-provider="getData" finished-at="2025-05-07T11:35:04 IST" duration-ms="3006" status="PASS">
          <params>
            <param index="0">
              <value>
                <![CDATA[username]]>
              </value>
            </param>
            <param index="1">
              <value>
                <![CDATA[password]]>
              </value>
            </param>
          </params>
          <reporter-output>
          </reporter-output>
        </test-method> <!-- login -->
      </class> <!-- basics.LearnDDT -->
    </test> <!-- Default test -->
  </suite> <!-- Default suite -->
</testng-results>
