<?xml version="1.0" encoding="UTF-8"?>
<!-- Generated by org.testng.reporters.JUnitXMLReporter -->
<testsuite ignored="0" hostname="DESKTOP-3JRUFPN" failures="0" tests="4" name="Default test" time="11.796" errors="0" timestamp="2025-05-07T11:35:04 IST">
  <testcase classname="basics.LearnDDT" name="login" time="2.981"/>
  <testcase classname="basics.LearnDDT" name="login" time="2.73"/>
  <testcase classname="basics.LearnDDT" name="login" time="2.985"/>
  <testcase classname="basics.LearnDDT" name="login" time="3.006"/>
</testsuite> <!-- Default test -->
